<?xml version="1.0" encoding="UTF-8"?>
<testsuite name="com.bridgelabz.linkedlist.LinkedListMainTest" tests="1" skipped="0" failures="0" errors="0" timestamp="2021-10-12T11:18:01" hostname="DESKTOP-20TB" time="0.021">
  <properties/>
  <testcase name="shouldAnswerWithTrue()" classname="com.bridgelabz.linkedlist.LinkedListMainTest" time="0.021"/>
  <system-out><![CDATA[]]></system-out>
  <system-err><![CDATA[]]></system-err>
</testsuite>
